[debug] [2024-01-13T05:56:32.228Z] ----------------------------------------------------------------------
[debug] [2024-01-13T05:56:32.230Z] Command:       /home/vinayak/.nvm/versions/node/v21.0.0/bin/node /home/vinayak/.nvm/versions/node/v21.0.0/bin/firebase init
[debug] [2024-01-13T05:56:32.230Z] CLI Version:   13.0.3
[debug] [2024-01-13T05:56:32.230Z] Platform:      linux
[debug] [2024-01-13T05:56:32.230Z] Node Version:  v21.0.0
[debug] [2024-01-13T05:56:32.231Z] Time:          Sat Jan 13 2024 11:26:32 GMT+0530 (India Standard Time)
[debug] [2024-01-13T05:56:32.231Z] ----------------------------------------------------------------------
[debug] 
[debug] [2024-01-13T05:56:32.236Z] > command requires scopes: ["email","openid","https://www.googleapis.com/auth/cloudplatformprojects.readonly","https://www.googleapis.com/auth/firebase","https://www.googleapis.com/auth/cloud-platform"]
[debug] [2024-01-13T05:56:32.236Z] > authorizing via signed-in user (vinayakk@iitbhilai.ac.in)
[info] 
     ######## #### ########  ######## ########     ###     ######  ########
     ##        ##  ##     ## ##       ##     ##  ##   ##  ##       ##
     ######    ##  ########  ######   ########  #########  ######  ######
     ##        ##  ##    ##  ##       ##     ## ##     ##       ## ##
     ##       #### ##     ## ######## ########  ##     ##  ######  ########

You're about to initialize a Firebase project in this directory:

  /home/vinayak/Documents/disney-plus-hotstar-clone

[info] 
=== Project Setup
[info] 
[info] First, let's associate this project directory with a Firebase project.
[info] You can create multiple project aliases by running firebase use --add, 
[info] but for now we'll just set up a default project.
[info] 
[debug] [2024-01-13T05:56:37.411Z] >>> [apiv2][query] GET https://firebase.googleapis.com/v1beta1/projects pageSize=100
[debug] [2024-01-13T05:56:38.571Z] <<< [apiv2][status] GET https://firebase.googleapis.com/v1beta1/projects 200
[debug] [2024-01-13T05:56:38.571Z] <<< [apiv2][body] GET https://firebase.googleapis.com/v1beta1/projects [omitted]
[info] i  Using project disneyplushotstarclone-18e8f (DisneyPlusHotstarClone) 
[info] 
=== Database Setup
[info] i  database: ensuring required API firebasedatabase.googleapis.com is enabled... 
[debug] [2024-01-13T05:56:39.276Z] >>> [apiv2][query] GET https://serviceusage.googleapis.com/v1/projects/disneyplushotstarclone-18e8f/services/firebasedatabase.googleapis.com [none]
[debug] [2024-01-13T05:56:39.276Z] >>> [apiv2][(partial)header] GET https://serviceusage.googleapis.com/v1/projects/disneyplushotstarclone-18e8f/services/firebasedatabase.googleapis.com x-goog-quota-user=projects/disneyplushotstarclone-18e8f
[debug] [2024-01-13T05:56:41.204Z] <<< [apiv2][status] GET https://serviceusage.googleapis.com/v1/projects/disneyplushotstarclone-18e8f/services/firebasedatabase.googleapis.com 200
[debug] [2024-01-13T05:56:41.204Z] <<< [apiv2][body] GET https://serviceusage.googleapis.com/v1/projects/disneyplushotstarclone-18e8f/services/firebasedatabase.googleapis.com [omitted]
[info] ✔  database: required API firebasedatabase.googleapis.com is enabled 
[info] 
[debug] [2024-01-13T05:56:41.205Z] >>> [apiv2][query] GET https://firebase.googleapis.com/v1beta1/projects/disneyplushotstarclone-18e8f [none]
[debug] [2024-01-13T05:56:41.822Z] <<< [apiv2][status] GET https://firebase.googleapis.com/v1beta1/projects/disneyplushotstarclone-18e8f 200
[debug] [2024-01-13T05:56:41.822Z] <<< [apiv2][body] GET https://firebase.googleapis.com/v1beta1/projects/disneyplushotstarclone-18e8f {"projectId":"disneyplushotstarclone-18e8f","projectNumber":"584105798553","displayName":"DisneyPlusHotstarClone","name":"projects/disneyplushotstarclone-18e8f","resources":{"hostingSite":"disneyplushotstarclone-18e8f"},"state":"ACTIVE","etag":"1_fd2a0d36-c38b-4e93-ae95-bc2cb6c723b0"}
[info] 
[info] Firebase Realtime Database Security Rules allow you to define how your data should be
[info] structured and when your data can be read from and written to.
[info] 
[info] ✔  Default rules have been written to database.rules.json. 
[info] Future modifications to database.rules.json will update Realtime Database Security Rules when you run
[info] firebase deploy.
[info] 
=== Firestore Setup
[debug] [2024-01-13T05:57:09.216Z] >>> [apiv2][query] GET https://serviceusage.googleapis.com/v1/projects/disneyplushotstarclone-18e8f/services/firestore.googleapis.com [none]
[debug] [2024-01-13T05:57:09.216Z] >>> [apiv2][(partial)header] GET https://serviceusage.googleapis.com/v1/projects/disneyplushotstarclone-18e8f/services/firestore.googleapis.com x-goog-quota-user=projects/disneyplushotstarclone-18e8f
[debug] [2024-01-13T05:57:11.097Z] <<< [apiv2][status] GET https://serviceusage.googleapis.com/v1/projects/disneyplushotstarclone-18e8f/services/firestore.googleapis.com 200
[debug] [2024-01-13T05:57:11.097Z] <<< [apiv2][body] GET https://serviceusage.googleapis.com/v1/projects/disneyplushotstarclone-18e8f/services/firestore.googleapis.com [omitted]
[debug] [2024-01-13T05:57:11.097Z] >>> [apiv2][query] GET https://firestore.googleapis.com/v1/projects/disneyplushotstarclone-18e8f/databases/(default) [none]
[debug] [2024-01-13T05:57:13.540Z] <<< [apiv2][status] GET https://firestore.googleapis.com/v1/projects/disneyplushotstarclone-18e8f/databases/(default) 200
[debug] [2024-01-13T05:57:13.540Z] <<< [apiv2][body] GET https://firestore.googleapis.com/v1/projects/disneyplushotstarclone-18e8f/databases/(default) {"name":"projects/disneyplushotstarclone-18e8f/databases/(default)","uid":"a98a00be-1159-47f5-9a74-e6055bd8bfcf","createTime":"2024-01-10T16:16:16.663521Z","updateTime":"2024-01-10T16:16:16.663521Z","locationId":"nam5","type":"FIRESTORE_NATIVE","concurrencyMode":"PESSIMISTIC","versionRetentionPeriod":"3600s","earliestVersionTime":"2024-01-13T04:57:13.384611Z","appEngineIntegrationMode":"DISABLED","keyPrefix":"s","pointInTimeRecoveryEnablement":"POINT_IN_TIME_RECOVERY_DISABLED","deleteProtectionState":"DELETE_PROTECTION_DISABLED","etag":"IOC3hJ7X2YMDMNmZ36qc04MD"}
[debug] [2024-01-13T05:57:13.541Z] database_type: FIRESTORE_NATIVE
[debug] [2024-01-13T05:57:13.541Z] > command requires scopes: ["email","openid","https://www.googleapis.com/auth/cloudplatformprojects.readonly","https://www.googleapis.com/auth/firebase","https://www.googleapis.com/auth/cloud-platform"]
[debug] [2024-01-13T05:57:13.541Z] > authorizing via signed-in user (vinayakk@iitbhilai.ac.in)
[debug] [2024-01-13T05:57:13.541Z] [iam] checking project disneyplushotstarclone-18e8f for permissions ["firebase.projects.get"]
[debug] [2024-01-13T05:57:13.541Z] >>> [apiv2][query] POST https://cloudresourcemanager.googleapis.com/v1/projects/disneyplushotstarclone-18e8f:testIamPermissions [none]
[debug] [2024-01-13T05:57:13.541Z] >>> [apiv2][(partial)header] POST https://cloudresourcemanager.googleapis.com/v1/projects/disneyplushotstarclone-18e8f:testIamPermissions x-goog-quota-user=projects/disneyplushotstarclone-18e8f
[debug] [2024-01-13T05:57:13.542Z] >>> [apiv2][body] POST https://cloudresourcemanager.googleapis.com/v1/projects/disneyplushotstarclone-18e8f:testIamPermissions {"permissions":["firebase.projects.get"]}
[debug] [2024-01-13T05:57:15.097Z] <<< [apiv2][status] POST https://cloudresourcemanager.googleapis.com/v1/projects/disneyplushotstarclone-18e8f:testIamPermissions 200
[debug] [2024-01-13T05:57:15.097Z] <<< [apiv2][body] POST https://cloudresourcemanager.googleapis.com/v1/projects/disneyplushotstarclone-18e8f:testIamPermissions {"permissions":["firebase.projects.get"]}
[info] 
[info] Firestore Security Rules allow you to define how and when to allow
[info] requests. You can keep these rules in your project directory
[info] and publish them with firebase deploy.
[info] 
[debug] [2024-01-13T05:57:17.567Z] >>> [apiv2][query] GET https://firebaserules.googleapis.com/v1/projects/disneyplushotstarclone-18e8f/releases pageSize=10&pageToken=
[debug] [2024-01-13T05:57:29.676Z] <<< [apiv2][status] GET https://firebaserules.googleapis.com/v1/projects/disneyplushotstarclone-18e8f/releases 200
[debug] [2024-01-13T05:57:29.676Z] <<< [apiv2][body] GET https://firebaserules.googleapis.com/v1/projects/disneyplushotstarclone-18e8f/releases {"releases":[{"name":"projects/disneyplushotstarclone-18e8f/releases/cloud.firestore","rulesetName":"projects/disneyplushotstarclone-18e8f/rulesets/052003c4-4130-4149-8b84-4e9bc96725b4","createTime":"2024-01-10T16:16:26.096722Z","updateTime":"2024-01-10T16:38:50.677619Z"}]}
[debug] [2024-01-13T05:57:29.676Z] Found ruleset: projects/disneyplushotstarclone-18e8f/rulesets/052003c4-4130-4149-8b84-4e9bc96725b4
[debug] [2024-01-13T05:57:29.677Z] >>> [apiv2][query] GET https://firebaserules.googleapis.com/v1/projects/disneyplushotstarclone-18e8f/rulesets/052003c4-4130-4149-8b84-4e9bc96725b4 [none]
[debug] [2024-01-13T05:57:31.066Z] <<< [apiv2][status] GET https://firebaserules.googleapis.com/v1/projects/disneyplushotstarclone-18e8f/rulesets/052003c4-4130-4149-8b84-4e9bc96725b4 200
[debug] [2024-01-13T05:57:31.066Z] <<< [apiv2][body] GET https://firebaserules.googleapis.com/v1/projects/disneyplushotstarclone-18e8f/rulesets/052003c4-4130-4149-8b84-4e9bc96725b4 [omitted]
[info] 
[info] Firestore indexes allow you to perform complex queries while
[info] maintaining performance that scales with the size of the result
[info] set. You can keep index definitions in your project directory
[info] and publish them with firebase deploy.
[info] 
[debug] [2024-01-13T05:57:32.653Z] >>> [apiv2][query] GET https://firestore.googleapis.com/v1/projects/disneyplushotstarclone-18e8f/databases/(default)/collectionGroups/-/indexes [none]
[debug] [2024-01-13T05:57:32.655Z] >>> [apiv2][query] GET https://firestore.googleapis.com/v1/projects/disneyplushotstarclone-18e8f/databases/(default)/collectionGroups/-/fields?filter=indexConfig.usesAncestorConfig=false OR ttlConfig:* [none]
[debug] [2024-01-13T05:57:34.515Z] <<< [apiv2][status] GET https://firestore.googleapis.com/v1/projects/disneyplushotstarclone-18e8f/databases/(default)/collectionGroups/-/indexes 200
[debug] [2024-01-13T05:57:34.516Z] <<< [apiv2][body] GET https://firestore.googleapis.com/v1/projects/disneyplushotstarclone-18e8f/databases/(default)/collectionGroups/-/indexes {}
[debug] [2024-01-13T05:57:34.969Z] <<< [apiv2][status] GET https://firestore.googleapis.com/v1/projects/disneyplushotstarclone-18e8f/databases/(default)/collectionGroups/-/fields?filter=indexConfig.usesAncestorConfig=false OR ttlConfig:* 200
[debug] [2024-01-13T05:57:34.969Z] <<< [apiv2][body] GET https://firestore.googleapis.com/v1/projects/disneyplushotstarclone-18e8f/databases/(default)/collectionGroups/-/fields?filter=indexConfig.usesAncestorConfig=false OR ttlConfig:* {"fields":[{"name":"projects/disneyplushotstarclone-18e8f/databases/(default)/collectionGroups/__default__/fields/*","indexConfig":{"indexes":[{"queryScope":"COLLECTION","fields":[{"fieldPath":"*","order":"ASCENDING"}],"state":"READY"},{"queryScope":"COLLECTION","fields":[{"fieldPath":"*","order":"DESCENDING"}],"state":"READY"},{"queryScope":"COLLECTION","fields":[{"fieldPath":"*","arrayConfig":"CONTAINS"}],"state":"READY"}]}}]}
[info] 
=== Functions Setup
[debug] [2024-01-13T05:57:34.970Z] > command requires scopes: ["email","openid","https://www.googleapis.com/auth/cloudplatformprojects.readonly","https://www.googleapis.com/auth/firebase","https://www.googleapis.com/auth/cloud-platform"]
[debug] [2024-01-13T05:57:34.970Z] > authorizing via signed-in user (vinayakk@iitbhilai.ac.in)
[debug] [2024-01-13T05:57:34.970Z] [iam] checking project disneyplushotstarclone-18e8f for permissions ["firebase.projects.get"]
[debug] [2024-01-13T05:57:34.970Z] >>> [apiv2][query] POST https://cloudresourcemanager.googleapis.com/v1/projects/disneyplushotstarclone-18e8f:testIamPermissions [none]
[debug] [2024-01-13T05:57:34.971Z] >>> [apiv2][(partial)header] POST https://cloudresourcemanager.googleapis.com/v1/projects/disneyplushotstarclone-18e8f:testIamPermissions x-goog-quota-user=projects/disneyplushotstarclone-18e8f
[debug] [2024-01-13T05:57:34.971Z] >>> [apiv2][body] POST https://cloudresourcemanager.googleapis.com/v1/projects/disneyplushotstarclone-18e8f:testIamPermissions {"permissions":["firebase.projects.get"]}
[debug] [2024-01-13T05:57:36.642Z] <<< [apiv2][status] POST https://cloudresourcemanager.googleapis.com/v1/projects/disneyplushotstarclone-18e8f:testIamPermissions 200
[debug] [2024-01-13T05:57:36.642Z] <<< [apiv2][body] POST https://cloudresourcemanager.googleapis.com/v1/projects/disneyplushotstarclone-18e8f:testIamPermissions {"permissions":["firebase.projects.get"]}
[debug] [2024-01-13T05:57:36.642Z] >>> [apiv2][query] GET https://serviceusage.googleapis.com/v1/projects/disneyplushotstarclone-18e8f/services/cloudfunctions.googleapis.com [none]
[debug] [2024-01-13T05:57:36.642Z] >>> [apiv2][(partial)header] GET https://serviceusage.googleapis.com/v1/projects/disneyplushotstarclone-18e8f/services/cloudfunctions.googleapis.com x-goog-quota-user=projects/disneyplushotstarclone-18e8f
[debug] [2024-01-13T05:57:36.644Z] >>> [apiv2][query] GET https://serviceusage.googleapis.com/v1/projects/disneyplushotstarclone-18e8f/services/runtimeconfig.googleapis.com [none]
[debug] [2024-01-13T05:57:36.644Z] >>> [apiv2][(partial)header] GET https://serviceusage.googleapis.com/v1/projects/disneyplushotstarclone-18e8f/services/runtimeconfig.googleapis.com x-goog-quota-user=projects/disneyplushotstarclone-18e8f
[debug] [2024-01-13T05:57:38.688Z] <<< [apiv2][status] GET https://serviceusage.googleapis.com/v1/projects/disneyplushotstarclone-18e8f/services/runtimeconfig.googleapis.com 200
[debug] [2024-01-13T05:57:38.688Z] <<< [apiv2][body] GET https://serviceusage.googleapis.com/v1/projects/disneyplushotstarclone-18e8f/services/runtimeconfig.googleapis.com [omitted]
[debug] [2024-01-13T05:57:38.725Z] <<< [apiv2][status] GET https://serviceusage.googleapis.com/v1/projects/disneyplushotstarclone-18e8f/services/cloudfunctions.googleapis.com 200
[debug] [2024-01-13T05:57:38.726Z] <<< [apiv2][body] GET https://serviceusage.googleapis.com/v1/projects/disneyplushotstarclone-18e8f/services/cloudfunctions.googleapis.com [omitted]
[debug] [2024-01-13T05:57:38.726Z] >>> [apiv2][query] POST https://serviceusage.googleapis.com/v1/projects/disneyplushotstarclone-18e8f/services/cloudfunctions.googleapis.com:enable [none]
[debug] [2024-01-13T05:57:38.726Z] >>> [apiv2][(partial)header] POST https://serviceusage.googleapis.com/v1/projects/disneyplushotstarclone-18e8f/services/cloudfunctions.googleapis.com:enable x-goog-quota-user=projects/disneyplushotstarclone-18e8f
[debug] [2024-01-13T05:57:39.660Z] <<< [apiv2][status] POST https://serviceusage.googleapis.com/v1/projects/disneyplushotstarclone-18e8f/services/cloudfunctions.googleapis.com:enable 200
[debug] [2024-01-13T05:57:39.660Z] <<< [apiv2][body] POST https://serviceusage.googleapis.com/v1/projects/disneyplushotstarclone-18e8f/services/cloudfunctions.googleapis.com:enable [omitted]
[debug] [2024-01-13T05:57:52.862Z] ----------------------------------------------------------------------
[debug] [2024-01-13T05:57:52.864Z] Command:       /home/vinayak/.nvm/versions/node/v21.0.0/bin/node /home/vinayak/.nvm/versions/node/v21.0.0/bin/firebase init
[debug] [2024-01-13T05:57:52.865Z] CLI Version:   13.0.3
[debug] [2024-01-13T05:57:52.865Z] Platform:      linux
[debug] [2024-01-13T05:57:52.865Z] Node Version:  v21.0.0
[debug] [2024-01-13T05:57:52.865Z] Time:          Sat Jan 13 2024 11:27:52 GMT+0530 (India Standard Time)
[debug] [2024-01-13T05:57:52.865Z] ----------------------------------------------------------------------
[debug] 
[debug] [2024-01-13T05:57:52.870Z] > command requires scopes: ["email","openid","https://www.googleapis.com/auth/cloudplatformprojects.readonly","https://www.googleapis.com/auth/firebase","https://www.googleapis.com/auth/cloud-platform"]
[debug] [2024-01-13T05:57:52.870Z] > authorizing via signed-in user (vinayakk@iitbhilai.ac.in)
[info] 
     ######## #### ########  ######## ########     ###     ######  ########
     ##        ##  ##     ## ##       ##     ##  ##   ##  ##       ##
     ######    ##  ########  ######   ########  #########  ######  ######
     ##        ##  ##    ##  ##       ##     ## ##     ##       ## ##
     ##       #### ##     ## ######## ########  ##     ##  ######  ########

You're about to initialize a Firebase project in this directory:

  /home/vinayak/Documents/disney-plus-hotstar-clone

[info] 
=== Project Setup
[info] 
[info] First, let's associate this project directory with a Firebase project.
[info] You can create multiple project aliases by running firebase use --add, 
[info] but for now we'll just set up a default project.
[info] 
[debug] [2024-01-13T05:58:06.496Z] >>> [apiv2][query] GET https://firebase.googleapis.com/v1beta1/projects pageSize=100
[debug] [2024-01-13T05:58:07.741Z] <<< [apiv2][status] GET https://firebase.googleapis.com/v1beta1/projects 200
[debug] [2024-01-13T05:58:07.741Z] <<< [apiv2][body] GET https://firebase.googleapis.com/v1beta1/projects [omitted]
[info] i  Using project disneyplushotstarclone-18e8f (DisneyPlusHotstarClone) 
[info] 
=== Hosting Setup
[debug] [2024-01-13T05:58:08.254Z] >>> [apiv2][query] GET https://firebase.googleapis.com/v1beta1/projects/disneyplushotstarclone-18e8f [none]
[debug] [2024-01-13T05:58:08.879Z] <<< [apiv2][status] GET https://firebase.googleapis.com/v1beta1/projects/disneyplushotstarclone-18e8f 200
[debug] [2024-01-13T05:58:08.879Z] <<< [apiv2][body] GET https://firebase.googleapis.com/v1beta1/projects/disneyplushotstarclone-18e8f {"projectId":"disneyplushotstarclone-18e8f","projectNumber":"584105798553","displayName":"DisneyPlusHotstarClone","name":"projects/disneyplushotstarclone-18e8f","resources":{"hostingSite":"disneyplushotstarclone-18e8f"},"state":"ACTIVE","etag":"1_fd2a0d36-c38b-4e93-ae95-bc2cb6c723b0"}
[info] 
[info] Your public directory is the folder (relative to your project directory) that
[info] will contain Hosting assets to be uploaded with firebase deploy. If you
[info] have a build process for your assets, use your build's output directory.
[info] 
[info] ✔  Wrote public/404.html 
[debug] [2024-01-13T05:58:55.478Z] >>> [apiv2][query] GET https://www.gstatic.com/firebasejs/releases.json [none]
[debug] [2024-01-13T05:58:55.924Z] <<< [apiv2][status] GET https://www.gstatic.com/firebasejs/releases.json 200
[debug] [2024-01-13T05:58:55.924Z] <<< [apiv2][body] GET https://www.gstatic.com/firebasejs/releases.json {"current":{"version":"10.7.1","browserURL":"https://www.gstatic.com/firebasejs/10.7.1/firebase.js","packageURL":"https://www.gstatic.com/firebasejs/10.7.1/firebase.tgz"},"live":{"version":"10.7","browserURL":"https://www.gstatic.com/firebasejs/live/10.7/firebase.js","packageURL":"https://www.gstatic.com/firebasejs/live/10.7/firebase.tgz"},"components":{"analytics":"https://www.gstatic.com/firebasejs/10.7.1/firebase-analytics.js","app":"https://www.gstatic.com/firebasejs/10.7.1/firebase-app.js","app-check":"https://www.gstatic.com/firebasejs/10.7.1/firebase-app-check.js","auth":"https://www.gstatic.com/firebasejs/10.7.1/firebase-auth.js","auth/cordova":"https://www.gstatic.com/firebasejs/10.7.1/firebase-auth/cordova.js","functions":"https://www.gstatic.com/firebasejs/10.7.1/firebase-functions.js","firestore":"https://www.gstatic.com/firebasejs/10.7.1/firebase-firestore.js","firestore/lite":"https://www.gstatic.com/firebasejs/10.7.1/firebase-firestore/lite.js","installations":"https://www.gstatic.com/firebasejs/10.7.1/firebase-installations.js","storage":"https://www.gstatic.com/firebasejs/10.7.1/firebase-storage.js","performance":"https://www.gstatic.com/firebasejs/10.7.1/firebase-performance.js","remote-config":"https://www.gstatic.com/firebasejs/10.7.1/firebase-remote-config.js","messaging":"https://www.gstatic.com/firebasejs/10.7.1/firebase-messaging.js","messaging/sw":"https://www.gstatic.com/firebasejs/10.7.1/firebase-messaging/sw.js","database":"https://www.gstatic.com/firebasejs/10.7.1/firebase-database.js","firestore.memory":"https://www.gstatic.com/firebasejs/10.7.1/firebase-firestore.memory.js"}}
[info] i  Skipping write of public/index.html 
[info] 
[info] i  Detected a .git folder at /home/vinayak/Documents/disney-plus-hotstar-clone 
[info] i  Authorizing with GitHub to upload your service account to a GitHub repository's secrets store. 
[info] 
[info] Visit this URL on this device to log in:
[info] https://github.com/login/oauth/authorize?client_id=89cf50f02ac6aaed3484&state=368223636&redirect_uri=http%3A%2F%2Flocalhost%3A9005&scope=read%3Auser%20repo%20public_repo
[info] 
[info] Waiting for authentication...
[debug] [2024-01-13T05:59:33.108Z] >>> [apiv2][query] POST https://github.com/login/oauth/access_token [none]
[debug] [2024-01-13T05:59:33.108Z] >>> [apiv2][body] POST https://github.com/login/oauth/access_token [stream]
[debug] [2024-01-13T05:59:33.648Z] <<< [apiv2][status] POST https://github.com/login/oauth/access_token 200
[debug] [2024-01-13T05:59:33.648Z] <<< [apiv2][body] POST https://github.com/login/oauth/access_token {"access_token":"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","token_type":"bearer","scope":"read:user,repo"}
[debug] [2024-01-13T05:59:33.652Z] >>> [apiv2][query] GET https://api.github.com/user [none]
[debug] [2024-01-13T05:59:34.222Z] <<< [apiv2][status] GET https://api.github.com/user 200
[debug] [2024-01-13T05:59:34.222Z] <<< [apiv2][body] GET https://api.github.com/user {"login":"vinayak180203","id":106701018,"node_id":"U_kgDOBlwg2g","avatar_url":"https://avatars.githubusercontent.com/u/106701018?v=4","gravatar_id":"","url":"https://api.github.com/users/vinayak180203","html_url":"https://github.com/vinayak180203","followers_url":"https://api.github.com/users/vinayak180203/followers","following_url":"https://api.github.com/users/vinayak180203/following{/other_user}","gists_url":"https://api.github.com/users/vinayak180203/gists{/gist_id}","starred_url":"https://api.github.com/users/vinayak180203/starred{/owner}{/repo}","subscriptions_url":"https://api.github.com/users/vinayak180203/subscriptions","organizations_url":"https://api.github.com/users/vinayak180203/orgs","repos_url":"https://api.github.com/users/vinayak180203/repos","events_url":"https://api.github.com/users/vinayak180203/events{/privacy}","received_events_url":"https://api.github.com/users/vinayak180203/received_events","type":"User","site_admin":false,"name":null,"company":null,"blog":"","location":null,"email":null,"hireable":null,"bio":null,"twitter_username":null,"public_repos":10,"public_gists":0,"followers":2,"following":3,"created_at":"2022-06-01T18:48:29Z","updated_at":"2024-01-01T13:31:36Z","private_gists":0,"total_private_repos":8,"owned_private_repos":5,"disk_usage":48482,"collaborators":3,"two_factor_authentication":false,"plan":{"name":"pro","space":976562499,"collaborators":0,"private_repos":9999}}
[info] 
[info] ✔  Success! Logged into GitHub as vinayak180203 
[info] 
